<?xml version="1.0" encoding="UTF-8"?>
<!-- Generated by org.testng.reporters.JUnitXMLReporter -->
<testsuite ignored="4" hostname="DESKTOP-FGU0THI" failures="0" tests="3" name="Regression Test" time="219.314" errors="0" timestamp="2020-06-05T22:03:16 EDT">
  <testcase classname="AutomationActionItems.MetLife_Logger" name="metLife" time="131.514"/>
  <testcase classname="AutomationActionItems.GoogleSearch_Logger" name="googleSearch" time="22.302"/>
  <testcase classname="AutomationActionItems.WeightWatcher_Logger" name="weightWatcher" time="65.353"/>
  <testcase classname="Reusable_Class.Abstract_Class" name="@BeforeSuite defineDriver" time="0.0">
    <ignored/>
  </testcase> <!-- @BeforeSuite defineDriver -->
  <testcase classname="Reusable_Class.Abstract_Class" name="@BeforeSuite defineDriver" time="0.0">
    <ignored/>
  </testcase> <!-- @BeforeSuite defineDriver -->
  <testcase classname="Reusable_Class.Abstract_Class" name="@AfterSuite closeInfo" time="0.0">
    <ignored/>
  </testcase> <!-- @AfterSuite closeInfo -->
  <testcase classname="Reusable_Class.Abstract_Class" name="@AfterSuite closeInfo" time="0.0">
    <ignored/>
  </testcase> <!-- @AfterSuite closeInfo -->
</testsuite> <!-- Regression Test -->
